<?xml version="1.0" encoding="utf-8"?><testsuites name="pytest tests"><testsuite name="pytest" errors="0" failures="7" skipped="0" tests="15" time="0.829" timestamp="2026-01-23T10:51:11.142257+00:00" hostname="agent-env-8f56dd99-7376-41f5-8d19-498c37292329"><testcase classname="backend.tests.test_campaign_modification.TestCampaignModification" name="test_01_health_check" time="0.105" /><testcase classname="backend.tests.test_campaign_modification.TestCampaignModification" name="test_02_get_campaigns_returns_list" time="0.034" /><testcase classname="backend.tests.test_campaign_modification.TestCampaignModification" name="test_03_create_campaign_for_modification" time="0.070" /><testcase classname="backend.tests.test_campaign_modification.TestCampaignModification" name="test_04_get_single_campaign" time="0.032"><failure message="AssertionError: GET campaign failed: {&quot;detail&quot;:&quot;Campaign not found&quot;}&#10;assert 404 == 200&#10; +  where 404 = &lt;Response [404]&gt;.status_code">backend/tests/test_campaign_modification.py:101: in test_04_get_single_campaign
    assert response.status_code == 200, f"GET campaign failed: {response.text}"
E   AssertionError: GET campaign failed: {"detail":"Campaign not found"}
E   assert 404 == 200
E    +  where 404 = &lt;Response [404]&gt;.status_code</failure></testcase><testcase classname="backend.tests.test_campaign_modification.TestCampaignModification" name="test_05_update_campaign_name" time="0.040"><failure message="TypeError: 'NoneType' object is not subscriptable">backend/tests/test_campaign_modification.py:127: in test_05_update_campaign_name
    assert updated["name"] == new_name, f"Name should be updated to {new_name}"
           ^^^^^^^^^^^^^^^
E   TypeError: 'NoneType' object is not subscriptable</failure></testcase><testcase classname="backend.tests.test_campaign_modification.TestCampaignModification" name="test_06_update_campaign_message" time="0.035"><failure message="TypeError: 'NoneType' object is not subscriptable">backend/tests/test_campaign_modification.py:151: in test_06_update_campaign_message
    assert updated["message"] == new_message, "Message should be updated"
           ^^^^^^^^^^^^^^^^^^
E   TypeError: 'NoneType' object is not subscriptable</failure></testcase><testcase classname="backend.tests.test_campaign_modification.TestCampaignModification" name="test_07_update_campaign_media_url" time="0.033"><failure message="TypeError: 'NoneType' object is not subscriptable">backend/tests/test_campaign_modification.py:173: in test_07_update_campaign_media_url
    assert updated["mediaUrl"] == new_media_url, "mediaUrl should be updated"
           ^^^^^^^^^^^^^^^^^^^
E   TypeError: 'NoneType' object is not subscriptable</failure></testcase><testcase classname="backend.tests.test_campaign_modification.TestCampaignModification" name="test_08_update_campaign_target_type" time="0.033"><failure message="TypeError: 'NoneType' object is not subscriptable">backend/tests/test_campaign_modification.py:195: in test_08_update_campaign_target_type
    assert updated["targetType"] == "selected", "targetType should be updated"
           ^^^^^^^^^^^^^^^^^^^^^
E   TypeError: 'NoneType' object is not subscriptable</failure></testcase><testcase classname="backend.tests.test_campaign_modification.TestCampaignModification" name="test_09_update_campaign_channels" time="0.038"><failure message="TypeError: 'NoneType' object is not subscriptable">backend/tests/test_campaign_modification.py:218: in test_09_update_campaign_channels
    assert updated["channels"]["whatsapp"] == False, "WhatsApp should be disabled"
           ^^^^^^^^^^^^^^^^^^^
E   TypeError: 'NoneType' object is not subscriptable</failure></testcase><testcase classname="backend.tests.test_campaign_modification.TestCampaignModification" name="test_10_update_multiple_fields_at_once" time="0.037"><failure message="TypeError: 'NoneType' object is not subscriptable">backend/tests/test_campaign_modification.py:247: in test_10_update_multiple_fields_at_once
    assert updated["name"] == "Final Updated Name"
           ^^^^^^^^^^^^^^^
E   TypeError: 'NoneType' object is not subscriptable</failure></testcase><testcase classname="backend.tests.test_campaign_modification.TestCampaignModification" name="test_11_update_nonexistent_campaign_returns_null" time="0.036" /><testcase classname="backend.tests.test_campaign_modification.TestCampaignModification" name="test_12_media_link_not_broken_after_campaign_update" time="0.035" /><testcase classname="backend.tests.test_campaign_modification.TestCampaignModification" name="test_13_cleanup_test_campaign" time="0.074" /><testcase classname="backend.tests.test_campaign_modification.TestCampaignListFields" name="test_campaigns_list_has_status_field" time="0.032" /><testcase classname="backend.tests.test_campaign_modification.TestCampaignListFields" name="test_campaigns_list_has_all_editable_fields" time="0.071" /></testsuite></testsuites>